<?xml version="1.0" encoding="UTF-8"?>
<testng-results skipped="0" failed="1" total="1" passed="0">
  <reporter-output>
  </reporter-output>
  <suite name="Default suite" duration-ms="58839" started-at="2016-05-08T23:41:39Z" finished-at="2016-05-08T23:42:38Z">
    <groups>
    </groups>
    <test name="Default test" duration-ms="58839" started-at="2016-05-08T23:41:39Z" finished-at="2016-05-08T23:42:38Z">
      <class name="tests.BookingUpToADeclinedPayment">
        <test-method status="PASS" signature="setup()[pri:0, instance:tests.BookingUpToADeclinedPayment@5c7fa833]" name="setup" is-config="true" duration-ms="14638" started-at="2016-05-09T01:41:39Z" finished-at="2016-05-09T01:41:53Z">
          <reporter-output>
          </reporter-output>
        </test-method> <!-- setup -->
        <test-method status="FAIL" signature="VerifyErrorMessage()[pri:0, instance:tests.BookingUpToADeclinedPayment@5c7fa833]" name="VerifyErrorMessage" duration-ms="44185" started-at="2016-05-09T01:41:53Z" finished-at="2016-05-09T01:42:38Z">
          <exception class="java.lang.AssertionError">
            <message>
              <![CDATA[expected [Oh. There was a problem As your payment was not authorised we could not complete your reservation. Please ensure that the information was correct or use a new payment to try again] but found [Oh. There was a problem
As your payment was not authorised we could not complete your reservation. Please ensure that the information was correct or use a new payment to try again]]]>
            </message>
            <full-stacktrace>
              <![CDATA[java.lang.AssertionError: expected [Oh. There was a problem As your payment was not authorised we could not complete your reservation. Please ensure that the information was correct or use a new payment to try again] but found [Oh. There was a problem
As your payment was not authorised we could not complete your reservation. Please ensure that the information was correct or use a new payment to try again]
	at org.testng.Assert.fail(Assert.java:94)
	at org.testng.Assert.failNotEquals(Assert.java:496)
	at org.testng.Assert.assertEquals(Assert.java:125)
	at org.testng.Assert.assertEquals(Assert.java:178)
	at org.testng.Assert.assertEquals(Assert.java:188)
	at tests.BookingUpToADeclinedPayment.VerifyErrorMessage(BookingUpToADeclinedPayment.java:54)
	at sun.reflect.NativeMethodAccessorImpl.invoke0(Native Method)
	at sun.reflect.NativeMethodAccessorImpl.invoke(Unknown Source)
	at sun.reflect.DelegatingMethodAccessorImpl.invoke(Unknown Source)
	at java.lang.reflect.Method.invoke(Unknown Source)
	at org.testng.internal.MethodInvocationHelper.invokeMethod(MethodInvocationHelper.java:85)
	at org.testng.internal.Invoker.invokeMethod(Invoker.java:639)
	at org.testng.internal.Invoker.invokeTestMethod(Invoker.java:816)
	at org.testng.internal.Invoker.invokeTestMethods(Invoker.java:1124)
	at org.testng.internal.TestMethodWorker.invokeTestMethods(TestMethodWorker.java:125)
	at org.testng.internal.TestMethodWorker.run(TestMethodWorker.java:108)
	at org.testng.TestRunner.privateRun(TestRunner.java:774)
	at org.testng.TestRunner.run(TestRunner.java:624)
	at org.testng.SuiteRunner.runTest(SuiteRunner.java:359)
	at org.testng.SuiteRunner.runSequentially(SuiteRunner.java:354)
	at org.testng.SuiteRunner.privateRun(SuiteRunner.java:312)
	at org.testng.SuiteRunner.run(SuiteRunner.java:261)
	at org.testng.SuiteRunnerWorker.runSuite(SuiteRunnerWorker.java:52)
	at org.testng.SuiteRunnerWorker.run(SuiteRunnerWorker.java:86)
	at org.testng.TestNG.runSuitesSequentially(TestNG.java:1215)
	at org.testng.TestNG.runSuitesLocally(TestNG.java:1140)
	at org.testng.TestNG.run(TestNG.java:1048)
	at org.testng.remote.AbstractRemoteTestNG.run(AbstractRemoteTestNG.java:126)
	at org.testng.remote.RemoteTestNG.initAndRun(RemoteTestNG.java:137)
	at org.testng.remote.RemoteTestNG.main(RemoteTestNG.java:58)
]]>
            </full-stacktrace>
          </exception> <!-- java.lang.AssertionError -->
          <reporter-output>
          </reporter-output>
        </test-method> <!-- VerifyErrorMessage -->
      </class> <!-- tests.BookingUpToADeclinedPayment -->
    </test> <!-- Default test -->
  </suite> <!-- Default suite -->
</testng-results>
